<?xml version="1.0" encoding="UTF-8"?>
<!-- Generated by org.testng.reporters.JUnitReportReporter -->
<testsuite hostname="DESKTOP-OJFEH9S" failures="0" tests="1" name="browserstock.stack" time="538.808" errors="0" timestamp="2023-04-28T12:05:14 IST" skipped="0">
  <testcase classname="browserstock.stack" name="test" time="538.808"/>
  <system-out/>
</testsuite> <!-- browserstock.stack -->
